<?xml version="1.0" encoding="UTF-8"?>
<!-- Generated by org.testng.reporters.JUnitXMLReporter -->
<testsuite ignored="0" hostname="Poonams-Air.domain.name" failures="0" tests="3" name="Test" time="4.512" errors="0" timestamp="2023-06-28T19:10:32 IST">
  <testcase classname="Test_Classes.Post_TC1" name="extractor" time="2.246"/>
  <testcase classname="Test_Classes.Put_TC1" name="extractor" time="1.242"/>
  <testcase classname="Test_Classes.Patch_TC1" name="extractor" time="0.985"/>
</testsuite> <!-- Test -->
