<?xml version="1.0" encoding="UTF-8"?>
<testng-results ignored="0" total="3" passed="3" failed="0" skipped="0">
  <reporter-output>
  </reporter-output>
  <suite started-at="2023-06-28T19:10:28 IST" name="Suite" finished-at="2023-06-28T19:10:32 IST" duration-ms="4512">
    <groups>
    </groups>
    <test started-at="2023-06-28T19:10:28 IST" name="Test" finished-at="2023-06-28T19:10:32 IST" duration-ms="4512">
      <class name="Test_Classes.Patch_TC1">
        <test-method signature="extractor()[pri:0, instance:Test_Classes.Patch_TC1@550dbc7a]" started-at="2023-06-28T19:10:31 IST" name="extractor" finished-at="2023-06-28T19:10:32 IST" duration-ms="985" status="PASS">
          <reporter-output>
          </reporter-output>
        </test-method> <!-- extractor -->
      </class> <!-- Test_Classes.Patch_TC1 -->
      <class name="Test_Classes.Post_TC1">
        <test-method signature="extractor()[pri:0, instance:Test_Classes.Post_TC1@316bcf94]" started-at="2023-06-28T19:10:28 IST" name="extractor" finished-at="2023-06-28T19:10:30 IST" duration-ms="2246" status="PASS">
          <reporter-output>
          </reporter-output>
        </test-method> <!-- extractor -->
      </class> <!-- Test_Classes.Post_TC1 -->
      <class name="Test_Classes.Put_TC1">
        <test-method signature="extractor()[pri:0, instance:Test_Classes.Put_TC1@66f57048]" started-at="2023-06-28T19:10:30 IST" name="extractor" finished-at="2023-06-28T19:10:31 IST" duration-ms="1242" status="PASS">
          <reporter-output>
          </reporter-output>
        </test-method> <!-- extractor -->
      </class> <!-- Test_Classes.Put_TC1 -->
    </test> <!-- Test -->
  </suite> <!-- Suite -->
</testng-results>
